0 info it worked if it ends with ok
1 verbose cli [ '/usr/local/bin/node', '/usr/local/bin/npm', 'install' ]
2 info using npm@2.15.5
3 info using node@v4.4.5
4 verbose readDependencies loading dependencies from /Users/calebanderson/Desktop/hearthstoneProject/package.json
5 warn package.json react-pet-shop@1.0.0 No description
6 warn package.json react-pet-shop@1.0.0 No repository field.
7 verbose install where, deps [ '/Users/calebanderson/Desktop/hearthstoneProject',
7 verbose install   [ 'babel-core',
7 verbose install     'babel-preset-es2015',
7 verbose install     'babel-preset-react',
7 verbose install     'babelify',
7 verbose install     'browserify-middleware',
7 verbose install     'express',
7 verbose install     'fs',
7 verbose install     'isomorphic-fetch',
7 verbose install     'nodemon',
7 verbose install     'react',
7 verbose install     'react-dom' ] ]
8 verbose install where, peers [ '/Users/calebanderson/Desktop/hearthstoneProject', [] ]
9 verbose installManyTop reading for lifecycle /Users/calebanderson/Desktop/hearthstoneProject/package.json
10 info preinstall react-pet-shop@1.0.0
11 verbose installManyTop reading scoped package data from /Users/calebanderson/Desktop/hearthstoneProject/node_modules/babel-core/package.json
12 verbose installManyTop reading scoped package data from /Users/calebanderson/Desktop/hearthstoneProject/node_modules/babel-preset-es2015/package.json
13 verbose installManyTop reading scoped package data from /Users/calebanderson/Desktop/hearthstoneProject/node_modules/babel-preset-react/package.json
14 verbose installManyTop reading scoped package data from /Users/calebanderson/Desktop/hearthstoneProject/node_modules/babelify/package.json
15 verbose installManyTop reading scoped package data from /Users/calebanderson/Desktop/hearthstoneProject/node_modules/browserify-middleware/package.json
16 verbose installManyTop reading scoped package data from /Users/calebanderson/Desktop/hearthstoneProject/node_modules/express/package.json
17 verbose installManyTop reading scoped package data from /Users/calebanderson/Desktop/hearthstoneProject/node_modules/fs/package.json
18 verbose installManyTop reading scoped package data from /Users/calebanderson/Desktop/hearthstoneProject/node_modules/isomorphic-fetch/package.json
19 verbose installManyTop reading scoped package data from /Users/calebanderson/Desktop/hearthstoneProject/node_modules/nodemon/package.json
20 verbose installManyTop reading scoped package data from /Users/calebanderson/Desktop/hearthstoneProject/node_modules/react/package.json
21 verbose installManyTop reading scoped package data from /Users/calebanderson/Desktop/hearthstoneProject/node_modules/react-dom/package.json
22 verbose installManyTop reading scoped package data from /Users/calebanderson/Desktop/hearthstoneProject/node_modules/react-gooey-nav/package.json
23 info package.json fs@0.0.2 fs is also the name of a node core module.
24 info package.json fs@0.0.2 No description
25 info package.json fs@0.0.2 No repository field.
26 info package.json fs@0.0.2 No README data
27 verbose readDependencies loading dependencies from /Users/calebanderson/Desktop/hearthstoneProject/package.json
28 verbose targetResolver reading package data from /Users/calebanderson/Desktop/hearthstoneProject/node_modules/babel-core/package.json
29 verbose targetResolver reading package data from /Users/calebanderson/Desktop/hearthstoneProject/node_modules/babel-preset-es2015/package.json
30 verbose targetResolver reading package data from /Users/calebanderson/Desktop/hearthstoneProject/node_modules/babel-preset-react/package.json
31 verbose targetResolver reading package data from /Users/calebanderson/Desktop/hearthstoneProject/node_modules/babelify/package.json
32 verbose targetResolver reading package data from /Users/calebanderson/Desktop/hearthstoneProject/node_modules/browserify-middleware/package.json
33 verbose targetResolver reading package data from /Users/calebanderson/Desktop/hearthstoneProject/node_modules/express/package.json
34 verbose targetResolver reading package data from /Users/calebanderson/Desktop/hearthstoneProject/node_modules/fs/package.json
35 verbose targetResolver reading package data from /Users/calebanderson/Desktop/hearthstoneProject/node_modules/isomorphic-fetch/package.json
36 verbose targetResolver reading package data from /Users/calebanderson/Desktop/hearthstoneProject/node_modules/nodemon/package.json
37 verbose targetResolver reading package data from /Users/calebanderson/Desktop/hearthstoneProject/node_modules/react/package.json
38 verbose targetResolver reading package data from /Users/calebanderson/Desktop/hearthstoneProject/node_modules/react-dom/package.json
39 verbose targetResolver reading package data from /Users/calebanderson/Desktop/hearthstoneProject/node_modules/react-gooey-nav/package.json
40 verbose targetResolver reading package data from /Users/calebanderson/Desktop/hearthstoneProject/node_modules/.bin/nodemon/package.json
41 verbose already installed skipping react-dom@^15.1.0 /Users/calebanderson/Desktop/hearthstoneProject
42 verbose already installed skipping babel-core@^6.9.1 /Users/calebanderson/Desktop/hearthstoneProject
43 verbose already installed skipping babel-preset-es2015@^6.9.0 /Users/calebanderson/Desktop/hearthstoneProject
44 verbose already installed skipping babel-preset-react@^6.5.0 /Users/calebanderson/Desktop/hearthstoneProject
45 verbose already installed skipping babelify@^7.3.0 /Users/calebanderson/Desktop/hearthstoneProject
46 verbose already installed skipping browserify-middleware@^7.0.0 /Users/calebanderson/Desktop/hearthstoneProject
47 verbose already installed skipping express@^4.13.4 /Users/calebanderson/Desktop/hearthstoneProject
48 verbose already installed skipping fs@0.0.2 /Users/calebanderson/Desktop/hearthstoneProject
49 verbose already installed skipping isomorphic-fetch@^2.2.1 /Users/calebanderson/Desktop/hearthstoneProject
50 verbose already installed skipping nodemon@^1.9.2 /Users/calebanderson/Desktop/hearthstoneProject
51 verbose already installed skipping react@^15.1.0 /Users/calebanderson/Desktop/hearthstoneProject
52 silly install resolved []
53 info build /Users/calebanderson/Desktop/hearthstoneProject
54 info linkStuff react-pet-shop@1.0.0
55 silly linkStuff react-pet-shop@1.0.0 has /Users/calebanderson/Desktop as its parent node_modules
56 verbose linkBins react-pet-shop@1.0.0
57 verbose linkMans react-pet-shop@1.0.0
58 verbose rebuildBundles react-pet-shop@1.0.0
59 verbose rebuildBundles [ '.bin',
59 verbose rebuildBundles   'babel-core',
59 verbose rebuildBundles   'babel-preset-es2015',
59 verbose rebuildBundles   'babel-preset-react',
59 verbose rebuildBundles   'babelify',
59 verbose rebuildBundles   'browserify-middleware',
59 verbose rebuildBundles   'express',
59 verbose rebuildBundles   'fs',
59 verbose rebuildBundles   'isomorphic-fetch',
59 verbose rebuildBundles   'nodemon',
59 verbose rebuildBundles   'react',
59 verbose rebuildBundles   'react-dom',
59 verbose rebuildBundles   'react-gooey-nav' ]
60 verbose rebuild bundle /Users/calebanderson/Desktop/hearthstoneProject/node_modules/react-gooey-nav
61 info build /Users/calebanderson/Desktop/hearthstoneProject/node_modules/react-gooey-nav
62 info preinstall react-gooey-nav@0.0.1
63 info linkStuff react-gooey-nav@0.0.1
64 silly linkStuff react-gooey-nav@0.0.1 has /Users/calebanderson/Desktop/hearthstoneProject/node_modules as its parent node_modules
65 verbose linkBins react-gooey-nav@0.0.1
66 verbose linkMans react-gooey-nav@0.0.1
67 verbose rebuildBundles react-gooey-nav@0.0.1
68 verbose rebuildBundles [ 'clone', 'extend', 'object-assign' ]
69 info install react-gooey-nav@0.0.1
70 info postinstall react-gooey-nav@0.0.1
71 info install react-pet-shop@1.0.0
72 info postinstall react-pet-shop@1.0.0
73 info prepublish react-pet-shop@1.0.0
74 verbose validateInstall loading /Users/calebanderson/Desktop/hearthstoneProject/package.json for validation
75 verbose stack Error: The package react@15.1.0 does not satisfy its siblings' peerDependencies requirements!
75 verbose stack     at /usr/local/lib/node_modules/npm/lib/install.js:125:32
75 verbose stack     at /usr/local/lib/node_modules/npm/lib/install.js:268:7
75 verbose stack     at /usr/local/lib/node_modules/npm/node_modules/read-installed/read-installed.js:142:5
75 verbose stack     at /usr/local/lib/node_modules/npm/node_modules/read-installed/read-installed.js:263:14
75 verbose stack     at cb (/usr/local/lib/node_modules/npm/node_modules/slide/lib/async-map.js:47:24)
75 verbose stack     at /usr/local/lib/node_modules/npm/node_modules/read-installed/read-installed.js:263:14
75 verbose stack     at cb (/usr/local/lib/node_modules/npm/node_modules/slide/lib/async-map.js:47:24)
75 verbose stack     at /usr/local/lib/node_modules/npm/node_modules/read-installed/read-installed.js:263:14
75 verbose stack     at cb (/usr/local/lib/node_modules/npm/node_modules/slide/lib/async-map.js:47:24)
75 verbose stack     at /usr/local/lib/node_modules/npm/node_modules/read-installed/read-installed.js:263:14
76 verbose cwd /Users/calebanderson/Desktop/hearthstoneProject
77 error Darwin 15.4.0
78 error argv "/usr/local/bin/node" "/usr/local/bin/npm" "install"
79 error node v4.4.5
80 error npm  v2.15.5
81 error code EPEERINVALID
82 error peerinvalid The package react@15.1.0 does not satisfy its siblings' peerDependencies requirements!
82 error peerinvalid Peer react-dom@15.1.0 wants react@^15.1.0
82 error peerinvalid Peer react-gooey-nav@0.0.1 wants react@^0.12.2
83 verbose exit [ 1, true ]
